0 info it worked if it ends with ok
1 verbose cli [ '/usr/local/bin/node', '/usr/local/bin/npm', 'start' ]
2 info using npm@3.10.3
3 info using node@v6.5.0
4 verbose run-script [ 'prestart', 'start', 'poststart' ]
5 info lifecycle caas-demo-store@0.0.1~prestart: caas-demo-store@0.0.1
6 silly lifecycle caas-demo-store@0.0.1~prestart: no script for prestart, continuing
7 info lifecycle caas-demo-store@0.0.1~start: caas-demo-store@0.0.1
8 verbose lifecycle caas-demo-store@0.0.1~start: unsafe-perm in lifecycle true
9 verbose lifecycle caas-demo-store@0.0.1~start: PATH: /usr/local/lib/node_modules/npm/bin/node-gyp-bin:/Users/i321750/yaas_demo/yaas-online-store/node_modules/.bin:/usr/local/bin:/usr/local/bin:/usr/bin:/bin:/usr/sbin:/sbin:/Users/i321750/install_software/apache-maven-3.3.9/bin
10 verbose lifecycle caas-demo-store@0.0.1~start: CWD: /Users/i321750/yaas_demo/yaas-online-store
11 silly lifecycle caas-demo-store@0.0.1~start: Args: [ '-c',
11 silly lifecycle   'node node_modules/grunt-cli/bin/grunt singleProject:prod' ]
12 silly lifecycle caas-demo-store@0.0.1~start: Returned: code: 3  signal: null
13 info lifecycle caas-demo-store@0.0.1~start: Failed to exec start script
14 verbose stack Error: caas-demo-store@0.0.1 start: `node node_modules/grunt-cli/bin/grunt singleProject:prod`
14 verbose stack Exit status 3
14 verbose stack     at EventEmitter.<anonymous> (/usr/local/lib/node_modules/npm/lib/utils/lifecycle.js:242:16)
14 verbose stack     at emitTwo (events.js:106:13)
14 verbose stack     at EventEmitter.emit (events.js:191:7)
14 verbose stack     at ChildProcess.<anonymous> (/usr/local/lib/node_modules/npm/lib/utils/spawn.js:40:14)
14 verbose stack     at emitTwo (events.js:106:13)
14 verbose stack     at ChildProcess.emit (events.js:191:7)
14 verbose stack     at maybeClose (internal/child_process.js:877:16)
14 verbose stack     at Process.ChildProcess._handle.onexit (internal/child_process.js:226:5)
15 verbose pkgid caas-demo-store@0.0.1
16 verbose cwd /Users/i321750/yaas_demo/yaas-online-store
17 error Darwin 15.6.0
18 error argv "/usr/local/bin/node" "/usr/local/bin/npm" "start"
19 error node v6.5.0
20 error npm  v3.10.3
21 error code ELIFECYCLE
22 error caas-demo-store@0.0.1 start: `node node_modules/grunt-cli/bin/grunt singleProject:prod`
22 error Exit status 3
23 error Failed at the caas-demo-store@0.0.1 start script 'node node_modules/grunt-cli/bin/grunt singleProject:prod'.
23 error Make sure you have the latest version of node.js and npm installed.
23 error If you do, this is most likely a problem with the caas-demo-store package,
23 error not with npm itself.
23 error Tell the author that this fails on your system:
23 error     node node_modules/grunt-cli/bin/grunt singleProject:prod
23 error You can get information on how to open an issue for this project with:
23 error     npm bugs caas-demo-store
23 error Or if that isn't available, you can get their info via:
23 error     npm owner ls caas-demo-store
23 error There is likely additional logging output above.
24 verbose exit [ 1, true ]
